<?xml version="1.0" encoding="UTF-8"?>
<!-- Generated by org.testng.reporters.JUnitXMLReporter -->
<testsuite ignored="2" hostname="DESKTOP-BFTUROD" failures="0" tests="1" name="Test" time="0.34" errors="0" timestamp="2023-08-14T16:32:25 IST">
  <testcase classname="TestNgGroup.Sample1" name="demo3" time="0.049"/>
  <testcase classname="TestNgGroup.Sample1" name="demo1" time="0.0">
    <ignored/>
  </testcase> <!-- demo1 -->
  <testcase classname="TestNgGroup.Sample1" name="demo2" time="0.0">
    <ignored/>
  </testcase> <!-- demo2 -->
</testsuite> <!-- Test -->
