<?xml version="1.0" encoding="UTF-8"?>
<testng-results ignored="0" total="3" passed="3" failed="0" skipped="0">
  <reporter-output>
  </reporter-output>
  <suite started-at="2023-08-15T00:44:37 IST" name="Default suite" finished-at="2023-08-15T00:44:37 IST" duration-ms="140">
    <groups>
    </groups>
    <test started-at="2023-08-15T00:44:37 IST" name="Default test" finished-at="2023-08-15T00:44:37 IST" duration-ms="140">
      <class name="TestNG.Priority">
        <test-method signature="demo1()[pri:0, instance:TestNG.Priority@59662a0b]" started-at="2023-08-15T00:44:37 IST" name="demo1" finished-at="2023-08-15T00:44:37 IST" duration-ms="22" status="PASS">
          <reporter-output>
          </reporter-output>
        </test-method> <!-- demo1 -->
        <test-method signature="demo2()[pri:0, instance:TestNG.Priority@59662a0b]" started-at="2023-08-15T00:44:37 IST" name="demo2" finished-at="2023-08-15T00:44:37 IST" duration-ms="3" status="PASS">
          <reporter-output>
          </reporter-output>
        </test-method> <!-- demo2 -->
        <test-method signature="demo3()[pri:0, instance:TestNG.Priority@59662a0b]" started-at="2023-08-15T00:44:37 IST" name="demo3" finished-at="2023-08-15T00:44:37 IST" duration-ms="4" status="PASS">
          <reporter-output>
          </reporter-output>
        </test-method> <!-- demo3 -->
      </class> <!-- TestNG.Priority -->
    </test> <!-- Default test -->
  </suite> <!-- Default suite -->
</testng-results>
